This is pdfTeX, Version 3.1415926-2.5-1.40.14 (TeX Live 2013/Debian) (format=pdflatex 2016.3.23)  5 AUG 2016 12:13
entering extended mode
 restricted \write18 enabled.
 %&-line parsing enabled.
**report.tex
(./report.tex
LaTeX2e <2011/06/27>
Babel <3.9h> and hyphenation patterns for 7 languages loaded.
(/usr/share/texlive/texmf-dist/tex/latex/base/article.cls
Document Class: article 2007/10/19 v1.4h Standard LaTeX document class
(/usr/share/texlive/texmf-dist/tex/latex/base/size12.clo
File: size12.clo 2007/10/19 v1.4h Standard LaTeX file (size option)
)
\c@part=\count79
\c@section=\count80
\c@subsection=\count81
\c@subsubsection=\count82
\c@paragraph=\count83
\c@subparagraph=\count84
\c@figure=\count85
\c@table=\count86
\abovecaptionskip=\skip41
\belowcaptionskip=\skip42
\bibindent=\dimen102
)
(/usr/share/texlive/texmf-dist/tex/generic/babel/babel.sty
Package: babel 2013/12/03 3.9h The Babel package

(/usr/share/texlive/texmf-dist/tex/generic/babel-german/ngermanb.ldf
Language: ngermanb 2013/12/13 v2.7 German support for babel (new orthography)

(/usr/share/texlive/texmf-dist/tex/generic/babel/babel.def
File: babel.def 2013/12/03 3.9h Babel common definitions
\babel@savecnt=\count87
\U@D=\dimen103
)
\l@naustrian = a dialect from \language\l@ngerman 
\l@nswissgerman = a dialect from \language\l@ngerman 
Package babel Info: Making " an active character on input line 88.
))
(/usr/share/texlive/texmf-dist/tex/latex/base/inputenc.sty
Package: inputenc 2008/03/30 v1.1d Input encoding file
\inpenc@prehook=\toks14
\inpenc@posthook=\toks15

(/usr/share/texlive/texmf-dist/tex/latex/ucs/utf8x.def
File: utf8x.def 2004/10/17 UCS: Input encoding UTF-8
))
(/usr/share/texlive/texmf-dist/tex/latex/ucs/ucs.sty
Package: ucs 2013/05/11 v2.2 UCS: Unicode input support

(/usr/share/texlive/texmf-dist/tex/latex/ucs/data/uni-global.def
File: uni-global.def 2013/05/13 UCS: Unicode global data
)
\uc@secondtry=\count88
\uc@combtoks=\toks16
\uc@combtoksb=\toks17
\uc@temptokena=\toks18
)
(/usr/share/texlive/texmf-dist/tex/latex/amsmath/amsmath.sty
Package: amsmath 2013/01/14 v2.14 AMS math features
\@mathmargin=\skip43

For additional information on amsmath, use the `?' option.
(/usr/share/texlive/texmf-dist/tex/latex/amsmath/amstext.sty
Package: amstext 2000/06/29 v2.01

(/usr/share/texlive/texmf-dist/tex/latex/amsmath/amsgen.sty
File: amsgen.sty 1999/11/30 v2.0
\@emptytoks=\toks19
\ex@=\dimen104
))
(/usr/share/texlive/texmf-dist/tex/latex/amsmath/amsbsy.sty
Package: amsbsy 1999/11/29 v1.2d
\pmbraise@=\dimen105
)
(/usr/share/texlive/texmf-dist/tex/latex/amsmath/amsopn.sty
Package: amsopn 1999/12/14 v2.01 operator names
)
\inf@bad=\count89
LaTeX Info: Redefining \frac on input line 210.
\uproot@=\count90
\leftroot@=\count91
LaTeX Info: Redefining \overline on input line 306.
\classnum@=\count92
\DOTSCASE@=\count93
LaTeX Info: Redefining \ldots on input line 378.
LaTeX Info: Redefining \dots on input line 381.
LaTeX Info: Redefining \cdots on input line 466.
\Mathstrutbox@=\box26
\strutbox@=\box27
\big@size=\dimen106
LaTeX Font Info:    Redeclaring font encoding OML on input line 566.
LaTeX Font Info:    Redeclaring font encoding OMS on input line 567.
\macc@depth=\count94
\c@MaxMatrixCols=\count95
\dotsspace@=\muskip10
\c@parentequation=\count96
\dspbrk@lvl=\count97
\tag@help=\toks20
\row@=\count98
\column@=\count99
\maxfields@=\count100
\andhelp@=\toks21
\eqnshift@=\dimen107
\alignsep@=\dimen108
\tagshift@=\dimen109
\tagwidth@=\dimen110
\totwidth@=\dimen111
\lineht@=\dimen112
\@envbody=\toks22
\multlinegap=\skip44
\multlinetaggap=\skip45
\mathdisplay@stack=\toks23
LaTeX Info: Redefining \[ on input line 2665.
LaTeX Info: Redefining \] on input line 2666.
)
(/usr/share/texlive/texmf-dist/tex/latex/ncctools/nccmath.sty
Package: nccmath 2005/02/21 v1.2 Additional Math Commands (NCC)
\NCC@fracrulewidth=\dimen113
)
(/usr/share/texlive/texmf-dist/tex/latex/graphics/graphicx.sty
Package: graphicx 1999/02/16 v1.0f Enhanced LaTeX Graphics (DPC,SPQR)

(/usr/share/texlive/texmf-dist/tex/latex/graphics/keyval.sty
Package: keyval 1999/03/16 v1.13 key=value parser (DPC)
\KV@toks@=\toks24
)
(/usr/share/texlive/texmf-dist/tex/latex/graphics/graphics.sty
Package: graphics 2009/02/05 v1.0o Standard LaTeX Graphics (DPC,SPQR)

(/usr/share/texlive/texmf-dist/tex/latex/graphics/trig.sty
Package: trig 1999/03/16 v1.09 sin cos tan (DPC)
)
(/usr/share/texlive/texmf-dist/tex/latex/latexconfig/graphics.cfg
File: graphics.cfg 2010/04/23 v1.9 graphics configuration of TeX Live
)
Package graphics Info: Driver file: pdftex.def on input line 91.

(/usr/share/texlive/texmf-dist/tex/latex/pdftex-def/pdftex.def
File: pdftex.def 2011/05/27 v0.06d Graphics/color for pdfTeX

(/usr/share/texlive/texmf-dist/tex/generic/oberdiek/infwarerr.sty
Package: infwarerr 2010/04/08 v1.3 Providing info/warning/error messages (HO)
)
(/usr/share/texlive/texmf-dist/tex/generic/oberdiek/ltxcmds.sty
Package: ltxcmds 2011/11/09 v1.22 LaTeX kernel commands for general use (HO)
)
\Gread@gobject=\count101
))
\Gin@req@height=\dimen114
\Gin@req@width=\dimen115
)
(/usr/share/texlive/texmf-dist/tex/latex/cite/cite.sty
LaTeX Info: Redefining \cite on input line 302.
LaTeX Info: Redefining \nocite on input line 373.
Package: cite 2010/09/10  v 5.3
)
(/usr/share/texlive/texmf-dist/tex/latex/oberdiek/grffile.sty
Package: grffile 2012/04/05 v1.16 Extended file name support for graphics (HO)

(/usr/share/texlive/texmf-dist/tex/generic/oberdiek/ifpdf.sty
Package: ifpdf 2011/01/30 v2.3 Provides the ifpdf switch (HO)
Package ifpdf Info: pdfTeX in PDF mode is detected.
)
(/usr/share/texlive/texmf-dist/tex/generic/ifxetex/ifxetex.sty
Package: ifxetex 2010/09/12 v0.6 Provides ifxetex conditional
)
(/usr/share/texlive/texmf-dist/tex/latex/oberdiek/kvoptions.sty
Package: kvoptions 2011/06/30 v3.11 Key value format for package options (HO)

(/usr/share/texlive/texmf-dist/tex/generic/oberdiek/kvsetkeys.sty
Package: kvsetkeys 2012/04/25 v1.16 Key value parser (HO)

(/usr/share/texlive/texmf-dist/tex/generic/oberdiek/etexcmds.sty
Package: etexcmds 2011/02/16 v1.5 Avoid name clashes with e-TeX commands (HO)

(/usr/share/texlive/texmf-dist/tex/generic/oberdiek/ifluatex.sty
Package: ifluatex 2010/03/01 v1.3 Provides the ifluatex switch (HO)
Package ifluatex Info: LuaTeX not detected.
)
Package etexcmds Info: Could not find \expanded.
(etexcmds)             That can mean that you are not using pdfTeX 1.50 or
(etexcmds)             that some package has redefined \expanded.
(etexcmds)             In the latter case, load this package earlier.
)))
(/usr/share/texlive/texmf-dist/tex/generic/oberdiek/pdftexcmds.sty
Package: pdftexcmds 2011/11/29 v0.20 Utility functions of pdfTeX for LuaTeX (HO
)
Package pdftexcmds Info: LuaTeX not detected.
Package pdftexcmds Info: \pdf@primitive is available.
Package pdftexcmds Info: \pdf@ifprimitive is available.
Package pdftexcmds Info: \pdfdraftmode found.
)
Package grffile Info: Option `multidot' is set to `true'.
Package grffile Info: Option `extendedchars' is set to `false'.
Package grffile Info: Option `space' is set to `true'.
Package grffile Info: \Gin@ii of package `graphicx' fixed on input line 486.
)
(/usr/share/texlive/texmf-dist/tex/latex/todonotes/todonotes.sty
Package: todonotes 2012/07/25 .dtx Todonotes source and documentation.
Package: todonotes 2012/07/25

(/usr/share/texlive/texmf-dist/tex/latex/base/ifthen.sty
Package: ifthen 2001/05/26 v1.1c Standard LaTeX ifthen package (DPC)
)
(/usr/share/texlive/texmf-dist/tex/latex/xkeyval/xkeyval.sty
Package: xkeyval 2012/10/14 v2.6b package option processing (HA)

(/usr/share/texlive/texmf-dist/tex/generic/xkeyval/xkeyval.tex
\XKV@toks=\toks25
\XKV@tempa@toks=\toks26
\XKV@depth=\count102
File: xkeyval.tex 2012/10/14 v2.6b key=value parser (HA)
))
(/usr/share/texmf/tex/latex/xcolor/xcolor.sty
Package: xcolor 2007/01/21 v2.11 LaTeX color extensions (UK)

(/usr/share/texlive/texmf-dist/tex/latex/latexconfig/color.cfg
File: color.cfg 2007/01/18 v1.5 color configuration of teTeX/TeXLive
)
Package xcolor Info: Driver file: pdftex.def on input line 225.
Package xcolor Info: Model `cmy' substituted by `cmy0' on input line 1337.
Package xcolor Info: Model `hsb' substituted by `rgb' on input line 1341.
Package xcolor Info: Model `RGB' extended on input line 1353.
Package xcolor Info: Model `HTML' substituted by `rgb' on input line 1355.
Package xcolor Info: Model `Hsb' substituted by `hsb' on input line 1356.
Package xcolor Info: Model `tHsb' substituted by `hsb' on input line 1357.
Package xcolor Info: Model `HSB' substituted by `hsb' on input line 1358.
Package xcolor Info: Model `Gray' substituted by `gray' on input line 1359.
Package xcolor Info: Model `wave' substituted by `hsb' on input line 1360.
)
(/usr/share/texmf/tex/latex/pgf/frontendlayer/tikz.sty
(/usr/share/texmf/tex/latex/pgf/basiclayer/pgf.sty
(/usr/share/texmf/tex/latex/pgf/utilities/pgfrcs.sty
(/usr/share/texmf/tex/generic/pgf/utilities/pgfutil-common.tex
\pgfutil@everybye=\toks27
)
(/usr/share/texmf/tex/generic/pgf/utilities/pgfutil-latex.def
\pgfutil@abb=\box28

(/usr/share/texlive/texmf-dist/tex/latex/ms/everyshi.sty
Package: everyshi 2001/05/15 v3.00 EveryShipout Package (MS)
))
(/usr/share/texmf/tex/generic/pgf/utilities/pgfrcs.code.tex
Package: pgfrcs 2010/10/25 v2.10 (rcs-revision 1.24)
))
Package: pgf 2008/01/15 v2.10 (rcs-revision 1.12)

(/usr/share/texmf/tex/latex/pgf/basiclayer/pgfcore.sty
(/usr/share/texmf/tex/latex/pgf/systemlayer/pgfsys.sty
(/usr/share/texmf/tex/generic/pgf/systemlayer/pgfsys.code.tex
Package: pgfsys 2010/06/30 v2.10 (rcs-revision 1.37)

(/usr/share/texmf/tex/generic/pgf/utilities/pgfkeys.code.tex
\pgfkeys@pathtoks=\toks28
\pgfkeys@temptoks=\toks29

(/usr/share/texmf/tex/generic/pgf/utilities/pgfkeysfiltered.code.tex
\pgfkeys@tmptoks=\toks30
))
\pgf@x=\dimen116
\pgf@y=\dimen117
\pgf@xa=\dimen118
\pgf@ya=\dimen119
\pgf@xb=\dimen120
\pgf@yb=\dimen121
\pgf@xc=\dimen122
\pgf@yc=\dimen123
\w@pgf@writea=\write3
\r@pgf@reada=\read1
\c@pgf@counta=\count103
\c@pgf@countb=\count104
\c@pgf@countc=\count105
\c@pgf@countd=\count106

(/usr/share/texmf/tex/generic/pgf/systemlayer/pgf.cfg
File: pgf.cfg 2008/05/14  (rcs-revision 1.7)
)
Package pgfsys Info: Driver file for pgf: pgfsys-pdftex.def on input line 900.

(/usr/share/texmf/tex/generic/pgf/systemlayer/pgfsys-pdftex.def
File: pgfsys-pdftex.def 2009/05/22  (rcs-revision 1.26)

(/usr/share/texmf/tex/generic/pgf/systemlayer/pgfsys-common-pdf.def
File: pgfsys-common-pdf.def 2008/05/19  (rcs-revision 1.10)
)))
(/usr/share/texmf/tex/generic/pgf/systemlayer/pgfsyssoftpath.code.tex
File: pgfsyssoftpath.code.tex 2008/07/18  (rcs-revision 1.7)
\pgfsyssoftpath@smallbuffer@items=\count107
\pgfsyssoftpath@bigbuffer@items=\count108
)
(/usr/share/texmf/tex/generic/pgf/systemlayer/pgfsysprotocol.code.tex
File: pgfsysprotocol.code.tex 2006/10/16  (rcs-revision 1.4)
))
(/usr/share/texmf/tex/generic/pgf/basiclayer/pgfcore.code.tex
Package: pgfcore 2010/04/11 v2.10 (rcs-revision 1.7)

(/usr/share/texmf/tex/generic/pgf/math/pgfmath.code.tex
(/usr/share/texmf/tex/generic/pgf/math/pgfmathcalc.code.tex
(/usr/share/texmf/tex/generic/pgf/math/pgfmathutil.code.tex)
(/usr/share/texmf/tex/generic/pgf/math/pgfmathparser.code.tex
\pgfmath@dimen=\dimen124
\pgfmath@count=\count109
\pgfmath@box=\box29
\pgfmath@toks=\toks31
\pgfmath@stack@operand=\toks32
\pgfmath@stack@operation=\toks33
)
(/usr/share/texmf/tex/generic/pgf/math/pgfmathfunctions.code.tex
(/usr/share/texmf/tex/generic/pgf/math/pgfmathfunctions.basic.code.tex)
(/usr/share/texmf/tex/generic/pgf/math/pgfmathfunctions.trigonometric.code.tex)
(/usr/share/texmf/tex/generic/pgf/math/pgfmathfunctions.random.code.tex)
(/usr/share/texmf/tex/generic/pgf/math/pgfmathfunctions.comparison.code.tex)
(/usr/share/texmf/tex/generic/pgf/math/pgfmathfunctions.base.code.tex)
(/usr/share/texmf/tex/generic/pgf/math/pgfmathfunctions.round.code.tex)
(/usr/share/texmf/tex/generic/pgf/math/pgfmathfunctions.misc.code.tex)))
(/usr/share/texmf/tex/generic/pgf/math/pgfmathfloat.code.tex
\c@pgfmathroundto@lastzeros=\count110
))
(/usr/share/texmf/tex/generic/pgf/basiclayer/pgfcorepoints.code.tex
File: pgfcorepoints.code.tex 2010/04/09  (rcs-revision 1.20)
\pgf@picminx=\dimen125
\pgf@picmaxx=\dimen126
\pgf@picminy=\dimen127
\pgf@picmaxy=\dimen128
\pgf@pathminx=\dimen129
\pgf@pathmaxx=\dimen130
\pgf@pathminy=\dimen131
\pgf@pathmaxy=\dimen132
\pgf@xx=\dimen133
\pgf@xy=\dimen134
\pgf@yx=\dimen135
\pgf@yy=\dimen136
\pgf@zx=\dimen137
\pgf@zy=\dimen138
)
(/usr/share/texmf/tex/generic/pgf/basiclayer/pgfcorepathconstruct.code.tex
File: pgfcorepathconstruct.code.tex 2010/08/03  (rcs-revision 1.24)
\pgf@path@lastx=\dimen139
\pgf@path@lasty=\dimen140
)
(/usr/share/texmf/tex/generic/pgf/basiclayer/pgfcorepathusage.code.tex
File: pgfcorepathusage.code.tex 2008/04/22  (rcs-revision 1.12)
\pgf@shorten@end@additional=\dimen141
\pgf@shorten@start@additional=\dimen142
)
(/usr/share/texmf/tex/generic/pgf/basiclayer/pgfcorescopes.code.tex
File: pgfcorescopes.code.tex 2010/09/08  (rcs-revision 1.34)
\pgfpic=\box30
\pgf@hbox=\box31
\pgf@layerbox@main=\box32
\pgf@picture@serial@count=\count111
)
(/usr/share/texmf/tex/generic/pgf/basiclayer/pgfcoregraphicstate.code.tex
File: pgfcoregraphicstate.code.tex 2008/04/22  (rcs-revision 1.9)
\pgflinewidth=\dimen143
)
(/usr/share/texmf/tex/generic/pgf/basiclayer/pgfcoretransformations.code.tex
File: pgfcoretransformations.code.tex 2009/06/10  (rcs-revision 1.11)
\pgf@pt@x=\dimen144
\pgf@pt@y=\dimen145
\pgf@pt@temp=\dimen146
)
(/usr/share/texmf/tex/generic/pgf/basiclayer/pgfcorequick.code.tex
File: pgfcorequick.code.tex 2008/10/09  (rcs-revision 1.3)
)
(/usr/share/texmf/tex/generic/pgf/basiclayer/pgfcoreobjects.code.tex
File: pgfcoreobjects.code.tex 2006/10/11  (rcs-revision 1.2)
)
(/usr/share/texmf/tex/generic/pgf/basiclayer/pgfcorepathprocessing.code.tex
File: pgfcorepathprocessing.code.tex 2008/10/09  (rcs-revision 1.8)
)
(/usr/share/texmf/tex/generic/pgf/basiclayer/pgfcorearrows.code.tex
File: pgfcorearrows.code.tex 2008/04/23  (rcs-revision 1.11)
)
(/usr/share/texmf/tex/generic/pgf/basiclayer/pgfcoreshade.code.tex
File: pgfcoreshade.code.tex 2008/11/23  (rcs-revision 1.13)
\pgf@max=\dimen147
\pgf@sys@shading@range@num=\count112
)
(/usr/share/texmf/tex/generic/pgf/basiclayer/pgfcoreimage.code.tex
File: pgfcoreimage.code.tex 2010/03/25  (rcs-revision 1.16)

(/usr/share/texmf/tex/generic/pgf/basiclayer/pgfcoreexternal.code.tex
File: pgfcoreexternal.code.tex 2010/09/01  (rcs-revision 1.17)
\pgfexternal@startupbox=\box33
))
(/usr/share/texmf/tex/generic/pgf/basiclayer/pgfcorelayers.code.tex
File: pgfcorelayers.code.tex 2010/08/27  (rcs-revision 1.2)
)
(/usr/share/texmf/tex/generic/pgf/basiclayer/pgfcoretransparency.code.tex
File: pgfcoretransparency.code.tex 2008/01/17  (rcs-revision 1.2)
)
(/usr/share/texmf/tex/generic/pgf/basiclayer/pgfcorepatterns.code.tex
File: pgfcorepatterns.code.tex 2009/07/02  (rcs-revision 1.3)
)))
(/usr/share/texmf/tex/generic/pgf/modules/pgfmoduleshapes.code.tex
File: pgfmoduleshapes.code.tex 2010/09/09  (rcs-revision 1.13)
\pgfnodeparttextbox=\box34
)
(/usr/share/texmf/tex/generic/pgf/modules/pgfmoduleplot.code.tex
File: pgfmoduleplot.code.tex 2010/10/22  (rcs-revision 1.8)
)
(/usr/share/texmf/tex/latex/pgf/compatibility/pgfcomp-version-0-65.sty
Package: pgfcomp-version-0-65 2007/07/03 v2.10 (rcs-revision 1.7)
\pgf@nodesepstart=\dimen148
\pgf@nodesepend=\dimen149
)
(/usr/share/texmf/tex/latex/pgf/compatibility/pgfcomp-version-1-18.sty
Package: pgfcomp-version-1-18 2007/07/23 v2.10 (rcs-revision 1.1)
))
(/usr/share/texmf/tex/latex/pgf/utilities/pgffor.sty
(/usr/share/texmf/tex/latex/pgf/utilities/pgfkeys.sty
(/usr/share/texmf/tex/generic/pgf/utilities/pgfkeys.code.tex))
(/usr/share/texmf/tex/generic/pgf/utilities/pgffor.code.tex
Package: pgffor 2010/03/23 v2.10 (rcs-revision 1.18)
\pgffor@iter=\dimen150
\pgffor@skip=\dimen151
\pgffor@stack=\toks34
\pgffor@toks=\toks35
))
(/usr/share/texmf/tex/generic/pgf/frontendlayer/tikz/tikz.code.tex
Package: tikz 2010/10/13 v2.10 (rcs-revision 1.76)

(/usr/share/texmf/tex/generic/pgf/libraries/pgflibraryplothandlers.code.tex
File: pgflibraryplothandlers.code.tex 2010/05/31 v2.10 (rcs-revision 1.15)
\pgf@plot@mark@count=\count113
\pgfplotmarksize=\dimen152
)
\tikz@lastx=\dimen153
\tikz@lasty=\dimen154
\tikz@lastxsaved=\dimen155
\tikz@lastysaved=\dimen156
\tikzleveldistance=\dimen157
\tikzsiblingdistance=\dimen158
\tikz@figbox=\box35
\tikz@tempbox=\box36
\tikztreelevel=\count114
\tikznumberofchildren=\count115
\tikznumberofcurrentchild=\count116
\tikz@fig@count=\count117

(/usr/share/texmf/tex/generic/pgf/modules/pgfmodulematrix.code.tex
File: pgfmodulematrix.code.tex 2010/08/24  (rcs-revision 1.4)
\pgfmatrixcurrentrow=\count118
\pgfmatrixcurrentcolumn=\count119
\pgf@matrix@numberofcolumns=\count120
)
\tikz@expandcount=\count121

(/usr/share/texmf/tex/generic/pgf/frontendlayer/tikz/libraries/tikzlibrarytopat
hs.code.tex
File: tikzlibrarytopaths.code.tex 2008/06/17 v2.10 (rcs-revision 1.2)
)))
(/usr/share/texmf/tex/generic/pgf/frontendlayer/tikz/libraries/tikzlibraryposit
ioning.code.tex
File: tikzlibrarypositioning.code.tex 2008/10/06 v2.10 (rcs-revision 1.7)
) (/usr/share/texlive/texmf-dist/tex/latex/tools/calc.sty
Package: calc 2007/08/22 v4.3 Infix arithmetic (KKT,FJ)
\calc@Acount=\count122
\calc@Bcount=\count123
\calc@Adimen=\dimen159
\calc@Bdimen=\dimen160
\calc@Askip=\skip46
\calc@Bskip=\skip47
LaTeX Info: Redefining \setlength on input line 76.
LaTeX Info: Redefining \addtolength on input line 77.
\calc@Ccount=\count124
\calc@Cskip=\skip48
)
\c@@todonotes@numberoftodonotes=\count125
)
(/usr/share/texlive/texmf-dist/tex/latex/placeins/placeins.sty
Package: placeins 2005/04/18  v 2.2
)
(/usr/share/texlive/texmf-dist/tex/latex/cleveref/cleveref.sty
Package: cleveref 2013/12/28 v0.19 Intelligent cross-referencing
)

! LaTeX Error: Option clash for package todonotes.

See the LaTeX manual or LaTeX Companion for explanation.
Type  H <return>  for immediate help.
 ...                                              
                                                  
l.46 \usepackage
                {subcaption}%Für subfigures
? 
(/usr/share/texlive/texmf-dist/tex/latex/caption/subcaption.sty
Package: subcaption 2013/02/03 v1.1-62 Sub-captions (AR)

(/usr/share/texlive/texmf-dist/tex/latex/caption/caption.sty
Package: caption 2013/05/02 v3.3-89 Customizing captions (AR)

(/usr/share/texlive/texmf-dist/tex/latex/caption/caption3.sty
Package: caption3 2013/05/02 v1.6-88 caption3 kernel (AR)
Package caption3 Info: TeX engine: e-TeX on input line 57.
\captionmargin=\dimen161
\captionmargin@=\dimen162
\captionwidth=\dimen163
\caption@tempdima=\dimen164
\caption@indent=\dimen165
\caption@parindent=\dimen166
\caption@hangindent=\dimen167
)
\c@ContinuedFloat=\count126
)
\c@subfigure=\count127
\c@subtable=\count128
) (./report.aux)
\openout1 = `report.aux'.

LaTeX Font Info:    Checking defaults for OML/cmm/m/it on input line 51.
LaTeX Font Info:    ... okay on input line 51.
LaTeX Font Info:    Checking defaults for T1/cmr/m/n on input line 51.
LaTeX Font Info:    ... okay on input line 51.
LaTeX Font Info:    Checking defaults for OT1/cmr/m/n on input line 51.
LaTeX Font Info:    ... okay on input line 51.
LaTeX Font Info:    Checking defaults for OMS/cmsy/m/n on input line 51.
LaTeX Font Info:    ... okay on input line 51.
LaTeX Font Info:    Checking defaults for OMX/cmex/m/n on input line 51.
LaTeX Font Info:    ... okay on input line 51.
LaTeX Font Info:    Checking defaults for U/cmr/m/n on input line 51.
LaTeX Font Info:    ... okay on input line 51.
(/usr/share/texlive/texmf-dist/tex/latex/ucs/ucsencs.def
File: ucsencs.def 2011/01/21 Fixes to fontencodings LGR, T3
)
(/usr/share/texlive/texmf-dist/tex/context/base/supp-pdf.mkii
[Loading MPS to PDF converter (version 2006.09.02).]
\scratchcounter=\count129
\scratchdimen=\dimen168
\scratchbox=\box37
\nofMPsegments=\count130
\nofMParguments=\count131
\everyMPshowfont=\toks36
\MPscratchCnt=\count132
\MPscratchDim=\dimen169
\MPnumerator=\count133
\makeMPintoPDFobject=\count134
\everyMPtoPDFconversion=\toks37
) (/usr/share/texlive/texmf-dist/tex/latex/oberdiek/epstopdf-base.sty
Package: epstopdf-base 2010/02/09 v2.5 Base part for package epstopdf

(/usr/share/texlive/texmf-dist/tex/latex/oberdiek/grfext.sty
Package: grfext 2010/08/19 v1.1 Manage graphics extensions (HO)

(/usr/share/texlive/texmf-dist/tex/generic/oberdiek/kvdefinekeys.sty
Package: kvdefinekeys 2011/04/07 v1.3 Define keys (HO)
))
Package grfext Info: Graphics extension search list:
(grfext)             [.png,.pdf,.jpg,.mps,.jpeg,.jbig2,.jb2,.PNG,.PDF,.JPG,.JPE
G,.JBIG2,.JB2,.eps]
(grfext)             \AppendGraphicsExtensions on input line 452.

(/usr/share/texlive/texmf-dist/tex/latex/latexconfig/epstopdf-sys.cfg
File: epstopdf-sys.cfg 2010/07/13 v1.3 Configuration of (r)epstopdf for TeX Liv
e
))
ABD: EveryShipout initializing macros
Package caption Info: Begin \AtBeginDocument code.
Package caption Info: End \AtBeginDocument code.

(/usr/share/texlive/texmf-dist/tex/latex/ucs/data/uni-0.def
File: uni-0.def 2013/05/13 UCS: Unicode data U+0000..U+00FF
)
<logo_1.jpg, id=4, 94.79414pt x 88.53075pt>
File: logo_1.jpg Graphic file (type jpg)
 <use logo_1.jpg>
Package pdftex.def Info: logo_1.jpg used on input line 109.
(pdftex.def)             Requested size: 94.7939pt x 88.5305pt.
 [1

{/var/lib/texmf/fonts/map/pdftex/updmap/pdftex.map} <./logo_1.jpg>] (./report.t
oc
Package cleveref Info: loaded `ngerman' language definitions on input line 1.
)
\tf@toc=\write4
\openout4 = `report.toc'.

 [1] [2]
</home/marszal/Projects/Num_Str_final/Protokoll/geschw.pdf, id=23, 433.62pt x 2
89.08pt>
File: /home/marszal/Projects/Num_Str_final/Protokoll/geschw.pdf Graphic file (t
ype pdf)
 <use /home/marszal/Projects/Num_Str_final/Protokoll/geschw.pdf>
Package pdftex.def Info: /home/marszal/Projects/Num_Str_final/Protokoll/geschw.
pdf used on input line 180.
(pdftex.def)             Requested size: 175.49881pt x 117.00177pt.


! LaTeX Error: Something's wrong--perhaps a missing \item.

See the LaTeX manual or LaTeX Companion for explanation.
Type  H <return>  for immediate help.
 ...                                              
                                                  
l.180 ...ring Geschwindigkeitsfeld \\ in der Box.}
                                                  \label{fig:uv}
? 

</home/marszal/Projects/Num_Str_final/Protokoll/T0.pdf, id=24, 433.62pt x 289.0
8pt>
File: /home/marszal/Projects/Num_Str_final/Protokoll/T0.pdf Graphic file (type 
pdf)
 <use /home/marszal/Projects/Num_Str_final/Protokoll/T0.pdf>
Package pdftex.def Info: /home/marszal/Projects/Num_Str_final/Protokoll/T0.pdf 
used on input line 184.
(pdftex.def)             Requested size: 175.49881pt x 117.00177pt.
 [3]
</home/marszal/Projects/Num_Str_final/Protokoll/Tstat.pdf, id=34, 433.62pt x 28
9.08pt>
File: /home/marszal/Projects/Num_Str_final/Protokoll/Tstat.pdf Graphic file (ty
pe pdf)
 <use /home/marszal/Projects/Num_Str_final/Protokoll/Tstat.pdf>
Package pdftex.def Info: /home/marszal/Projects/Num_Str_final/Protokoll/Tstat.p
df used on input line 216.
(pdftex.def)             Requested size: 175.49881pt x 117.00177pt.

</home/marszal/Projects/Num_Str_final/Protokoll/Quelle.pdf, id=35, 433.62pt x 2
89.08pt>
File: /home/marszal/Projects/Num_Str_final/Protokoll/Quelle.pdf Graphic file (t
ype pdf)
 <use /home/marszal/Projects/Num_Str_final/Protokoll/Quelle.pdf>
Package pdftex.def Info: /home/marszal/Projects/Num_Str_final/Protokoll/Quelle.
pdf used on input line 220.
(pdftex.def)             Requested size: 175.49881pt x 117.00177pt.

[4 </home/marszal/Projects/Num_Str_final/Protokoll/geschw.pdf> </home/marszal/P
rojects/Num_Str_final/Protokoll/T0.pdf

pdfTeX warning: pdflatex (file /home/marszal/Projects/Num_Str_final/Protokoll/T
0.pdf): PDF inclusion: multiple pdfs with page group included in a single page
>]
Overfull \hbox (7.467pt too wide) in paragraph at lines 227--232
\OT1/cmr/m/n/12 L[]osung die-ser Art von Pro-blem ein-ge-setzt wer-den k[]onnen
 sind \OT1/cmr/m/it/12 Finite-Volumen-
 []

[5 </home/marszal/Projects/Num_Str_final/Protokoll/Tstat.pdf> </home/marszal/Pr
ojects/Num_Str_final/Protokoll/Quelle.pdf

pdfTeX warning: pdflatex (file /home/marszal/Projects/Num_Str_final/Protokoll/Q
uelle.pdf): PDF inclusion: multiple pdfs with page group included in a single p
age
>]
Overfull \hbox (29.45816pt too wide) in paragraph at lines 248--250
\OT1/cmr/m/n/12 Durch Kom-bi-na-tio-nen un-ter-schied-li-cher Dif-fe-ren-zen-qu
o-ti-en-ten k[]onnen N[]aherungen
 []


Overfull \hbox (9.34772pt too wide) in paragraph at lines 264--266
[]\OT1/cmr/m/n/12 Die Dirichlet-Randbedingungen las-sen sich un-pro-ble-ma-tisc
h f[]ur $\OML/cmm/m/it/12 T[]$ \OT1/cmr/m/n/12 und $\OML/cmm/m/it/12 T[]$
 []

[6]
Overfull \hbox (13.49713pt too wide) in paragraph at lines 288--290
\OT1/cmr/m/n/12 chungs-sys-tem auf $\OML/cmm/m/it/12 N[] \OMS/cmsy/m/n/12 ^^A \
OT1/cmr/m/n/12 (\OML/cmm/m/it/12 N[] \OMS/cmsy/m/n/12 ^^@ \OT1/cmr/m/n/12 1)$ G
lei-chun-gen. Um die Neumann-Randbedingungen
 []

[7]
Overfull \hbox (82.67627pt too wide) in paragraph at lines 308--308
[] 
 []

[8] [9] <FTCSflow.pdf, id=189, 438.22595pt x 387.64612pt>
File: FTCSflow.pdf Graphic file (type pdf)
 <use FTCSflow.pdf>
Package pdftex.def Info: FTCSflow.pdf used on input line 339.
(pdftex.def)             Requested size: 279.02599pt x 246.82332pt.

[10 <./FTCSflow.pdf>] <BTCSflow.pdf, id=208, 488.54398pt x 582.61334pt>
File: BTCSflow.pdf Graphic file (type pdf)

<use BTCSflow.pdf>
Package pdftex.def Info: BTCSflow.pdf used on input line 353.
(pdftex.def)             Requested size: 206.9687pt x 246.82332pt.

Overfull \hbox (4.09079pt too wide) in paragraph at lines 363--364
[]\OT1/cmr/m/n/12 Die Dar-stel-lung der Er-geb-nis-se wur-de mit-tels \OT1/cmr/
m/it/12 Python-Matplotlib \OT1/cmr/m/n/12 durch-gef[]uhrt. 
 []

[11 <./BTCSflow.pdf>]
</home/marszal/Projects/Num_Str_final/FTCS/plots/all/0.0056_10_30_30_0.0002_0.t
xt.png, id=227, 433.62pt x 289.08pt>
File: /home/marszal/Projects/Num_Str_final/FTCS/plots/all/0.0056_10_30_30_0.000
2_0.txt.png Graphic file (type png)

<use /home/marszal/Projects/Num_Str_final/FTCS/plots/all/0.0056_10_30_30_0.0002
_0.txt.png>
Package pdftex.def Info: /home/marszal/Projects/Num_Str_final/FTCS/plots/all/0.
0056_10_30_30_0.0002_0.txt.png used on input line 374.
(pdftex.def)             Requested size: 156.9769pt x 104.65097pt.

Overfull \hbox (20.47452pt too wide) in paragraph at lines 374--375
[][] 
 []


</home/marszal/Projects/Num_Str_final/FTCS/plots/all/0.0112_10_30_30_0.0002_0.t
xt.png, id=229, 433.62pt x 289.08pt>
File: /home/marszal/Projects/Num_Str_final/FTCS/plots/all/0.0112_10_30_30_0.000
2_0.txt.png Graphic file (type png)

<use /home/marszal/Projects/Num_Str_final/FTCS/plots/all/0.0112_10_30_30_0.0002
_0.txt.png>
Package pdftex.def Info: /home/marszal/Projects/Num_Str_final/FTCS/plots/all/0.
0112_10_30_30_0.0002_0.txt.png used on input line 378.
(pdftex.def)             Requested size: 156.9769pt x 104.65097pt.

Overfull \hbox (20.47452pt too wide) in paragraph at lines 378--379
[][] 
 []


</home/marszal/Projects/Num_Str_final/FTCS/plots/all/0.0168_10_30_30_0.0002_0.t
xt.png, id=230, 433.62pt x 289.08pt>
File: /home/marszal/Projects/Num_Str_final/FTCS/plots/all/0.0168_10_30_30_0.000
2_0.txt.png Graphic file (type png)

<use /home/marszal/Projects/Num_Str_final/FTCS/plots/all/0.0168_10_30_30_0.0002
_0.txt.png>
Package pdftex.def Info: /home/marszal/Projects/Num_Str_final/FTCS/plots/all/0.
0168_10_30_30_0.0002_0.txt.png used on input line 382.
(pdftex.def)             Requested size: 156.9769pt x 104.65097pt.

Overfull \hbox (20.47452pt too wide) in paragraph at lines 382--383
[][] 
 []


</home/marszal/Projects/Num_Str_final/FTCS/plots/all/0.0224_10_30_30_0.0002_0.t
xt.png, id=231, 433.62pt x 289.08pt>
File: /home/marszal/Projects/Num_Str_final/FTCS/plots/all/0.0224_10_30_30_0.000
2_0.txt.png Graphic file (type png)

<use /home/marszal/Projects/Num_Str_final/FTCS/plots/all/0.0224_10_30_30_0.0002
_0.txt.png>
Package pdftex.def Info: /home/marszal/Projects/Num_Str_final/FTCS/plots/all/0.
0224_10_30_30_0.0002_0.txt.png used on input line 386.
(pdftex.def)             Requested size: 156.9769pt x 104.65097pt.

Overfull \hbox (20.47452pt too wide) in paragraph at lines 386--387
[][] 
 []


</home/marszal/Projects/Num_Str_final/FTCS/plots/all/0.0278_10_30_30_0.0002_0.t
xt.png, id=232, 433.62pt x 289.08pt>
File: /home/marszal/Projects/Num_Str_final/FTCS/plots/all/0.0278_10_30_30_0.000
2_0.txt.png Graphic file (type png)

<use /home/marszal/Projects/Num_Str_final/FTCS/plots/all/0.0278_10_30_30_0.0002
_0.txt.png>
Package pdftex.def Info: /home/marszal/Projects/Num_Str_final/FTCS/plots/all/0.
0278_10_30_30_0.0002_0.txt.png used on input line 390.
(pdftex.def)             Requested size: 156.9769pt x 104.65097pt.

Overfull \hbox (20.47452pt too wide) in paragraph at lines 390--391
[][] 
 []


</home/marszal/Projects/Num_Str_final/FTCS/plots/all/0.0446_10_30_30_0.0002_0.t
xt.png, id=233, 433.62pt x 289.08pt>
File: /home/marszal/Projects/Num_Str_final/FTCS/plots/all/0.0446_10_30_30_0.000
2_0.txt.png Graphic file (type png)

<use /home/marszal/Projects/Num_Str_final/FTCS/plots/all/0.0446_10_30_30_0.0002
_0.txt.png>
Package pdftex.def Info: /home/marszal/Projects/Num_Str_final/FTCS/plots/all/0.
0446_10_30_30_0.0002_0.txt.png used on input line 394.
(pdftex.def)             Requested size: 156.9769pt x 104.65097pt.

Overfull \hbox (20.47452pt too wide) in paragraph at lines 394--395
[][] 
 []

[12 </home/marszal/Projects/Num_Str_final/FTCS/plots/all/0.0056_10_30_30_0.0002
_0.txt.png> </home/marszal/Projects/Num_Str_final/FTCS/plots/all/0.0112_10_30_3
0_0.0002_0.txt.png> </home/marszal/Projects/Num_Str_final/FTCS/plots/all/0.0168
_10_30_30_0.0002_0.txt.png> </home/marszal/Projects/Num_Str_final/FTCS/plots/al
l/0.0224_10_30_30_0.0002_0.txt.png> </home/marszal/Projects/Num_Str_final/FTCS/
plots/all/0.0278_10_30_30_0.0002_0.txt.png> </home/marszal/Projects/Num_Str_fin
al/FTCS/plots/all/0.0446_10_30_30_0.0002_0.txt.png>]
Overfull \hbox (8.70552pt too wide) in paragraph at lines 401--406
\OT1/cmr/m/n/12 man []uber ein Re-fe-renz-feld, ge-gen das die FTCS-N[]aherung 
kon-ver-gie-ren m[]usste.
 []


</home/marszal/Projects/Num_Str_final/FTCS/plots/sse_over_time.pdf, id=244, 433
.62pt x 289.08pt>
File: /home/marszal/Projects/Num_Str_final/FTCS/plots/sse_over_time.pdf Graphic
 file (type pdf)

<use /home/marszal/Projects/Num_Str_final/FTCS/plots/sse_over_time.pdf>
Package pdftex.def Info: /home/marszal/Projects/Num_Str_final/FTCS/plots/sse_ov
er_time.pdf used on input line 411.
(pdftex.def)             Requested size: 312.00119pt x 208.0095pt.

</home/marszal/Projects/Num_Str_final/FTCS/plots/SSE_at_end.pdf, id=245, 433.62
pt x 289.08pt>
File: /home/marszal/Projects/Num_Str_final/FTCS/plots/SSE_at_end.pdf Graphic fi
le (type pdf)

<use /home/marszal/Projects/Num_Str_final/FTCS/plots/SSE_at_end.pdf>
Package pdftex.def Info: /home/marszal/Projects/Num_Str_final/FTCS/plots/SSE_at
_end.pdf used on input line 415.
(pdftex.def)             Requested size: 312.00119pt x 208.0095pt.
 [13 </home/marszal/Projects/Num_Str_final/FTCS/plots/sse_over_time.pdf>]
</home/marszal/Projects/Num_Str_final/FTCS/plots/A4/Pe2/0.005_2_30_30_0.0002_0.
txt.png, id=285, 433.62pt x 289.08pt>
File: /home/marszal/Projects/Num_Str_final/FTCS/plots/A4/Pe2/0.005_2_30_30_0.00
02_0.txt.png Graphic file (type png)

<use /home/marszal/Projects/Num_Str_final/FTCS/plots/A4/Pe2/0.005_2_30_30_0.000
2_0.txt.png>
Package pdftex.def Info: /home/marszal/Projects/Num_Str_final/FTCS/plots/A4/Pe2
/0.005_2_30_30_0.0002_0.txt.png used on input line 428.
(pdftex.def)             Requested size: 215.27693pt x 143.52069pt.

Overfull \hbox (28.0786pt too wide) in paragraph at lines 428--429
[][] 
 []


</home/marszal/Projects/Num_Str_final/FTCS/plots/A4/Pe10/0.005_10_30_30_0.0002_
0.txt.png, id=286, 433.62pt x 289.08pt>
File: /home/marszal/Projects/Num_Str_final/FTCS/plots/A4/Pe10/0.005_10_30_30_0.
0002_0.txt.png Graphic file (type png)

<use /home/marszal/Projects/Num_Str_final/FTCS/plots/A4/Pe10/0.005_10_30_30_0.0
002_0.txt.png>
Package pdftex.def Info: /home/marszal/Projects/Num_Str_final/FTCS/plots/A4/Pe1
0/0.005_10_30_30_0.0002_0.txt.png used on input line 432.
(pdftex.def)             Requested size: 215.27693pt x 143.52069pt.

Overfull \hbox (28.0786pt too wide) in paragraph at lines 432--433
[][] 
 []


</home/marszal/Projects/Num_Str_final/FTCS/plots/A4/Pe2/0.05_2_30_30_0.0002_0.t
xt.png, id=287, 433.62pt x 289.08pt>
File: /home/marszal/Projects/Num_Str_final/FTCS/plots/A4/Pe2/0.05_2_30_30_0.000
2_0.txt.png Graphic file (type png)

<use /home/marszal/Projects/Num_Str_final/FTCS/plots/A4/Pe2/0.05_2_30_30_0.0002
_0.txt.png>
Package pdftex.def Info: /home/marszal/Projects/Num_Str_final/FTCS/plots/A4/Pe2
/0.05_2_30_30_0.0002_0.txt.png used on input line 436.
(pdftex.def)             Requested size: 215.27693pt x 143.52069pt.

Overfull \hbox (28.0786pt too wide) in paragraph at lines 436--437
[][] 
 []


</home/marszal/Projects/Num_Str_final/FTCS/plots/A4/Pe10/0.05_10_30_30_0.0002_0
.txt.png, id=288, 433.62pt x 289.08pt>
File: /home/marszal/Projects/Num_Str_final/FTCS/plots/A4/Pe10/0.05_10_30_30_0.0
002_0.txt.png Graphic file (type png)

<use /home/marszal/Projects/Num_Str_final/FTCS/plots/A4/Pe10/0.05_10_30_30_0.00
02_0.txt.png>
Package pdftex.def Info: /home/marszal/Projects/Num_Str_final/FTCS/plots/A4/Pe1
0/0.05_10_30_30_0.0002_0.txt.png used on input line 440.
(pdftex.def)             Requested size: 215.27693pt x 143.52069pt.

Overfull \hbox (28.0786pt too wide) in paragraph at lines 440--441
[][] 
 []


</home/marszal/Projects/Num_Str_final/FTCS/plots/A4/Pe2/0.5_2_30_30_0.0002_0.tx
t.png, id=289, 433.62pt x 289.08pt>
File: /home/marszal/Projects/Num_Str_final/FTCS/plots/A4/Pe2/0.5_2_30_30_0.0002
_0.txt.png Graphic file (type png)

<use /home/marszal/Projects/Num_Str_final/FTCS/plots/A4/Pe2/0.5_2_30_30_0.0002_
0.txt.png>
Package pdftex.def Info: /home/marszal/Projects/Num_Str_final/FTCS/plots/A4/Pe2
/0.5_2_30_30_0.0002_0.txt.png used on input line 444.
(pdftex.def)             Requested size: 215.27693pt x 143.52069pt.

Overfull \hbox (28.0786pt too wide) in paragraph at lines 444--445
[][] 
 []


</home/marszal/Projects/Num_Str_final/FTCS/plots/A4/Pe10/0.5_10_30_30_0.0002_0.
txt.png, id=290, 433.62pt x 289.08pt>
File: /home/marszal/Projects/Num_Str_final/FTCS/plots/A4/Pe10/0.5_10_30_30_0.00
02_0.txt.png Graphic file (type png)

<use /home/marszal/Projects/Num_Str_final/FTCS/plots/A4/Pe10/0.5_10_30_30_0.000
2_0.txt.png>
Package pdftex.def Info: /home/marszal/Projects/Num_Str_final/FTCS/plots/A4/Pe1
0/0.5_10_30_30_0.0002_0.txt.png used on input line 448.
(pdftex.def)             Requested size: 215.27693pt x 143.52069pt.

Overfull \hbox (28.0786pt too wide) in paragraph at lines 448--449
[][] 
 []


</home/marszal/Projects/Num_Str_final/FTCS/plots/A4/Pe2/1_2_30_30_0.0002_0.txt.
png, id=291, 433.62pt x 289.08pt>
File: /home/marszal/Projects/Num_Str_final/FTCS/plots/A4/Pe2/1_2_30_30_0.0002_0
.txt.png Graphic file (type png)

<use /home/marszal/Projects/Num_Str_final/FTCS/plots/A4/Pe2/1_2_30_30_0.0002_0.
txt.png>
Package pdftex.def Info: /home/marszal/Projects/Num_Str_final/FTCS/plots/A4/Pe2
/1_2_30_30_0.0002_0.txt.png used on input line 452.
(pdftex.def)             Requested size: 215.27693pt x 143.52069pt.

Overfull \hbox (28.0786pt too wide) in paragraph at lines 452--453
[][] 
 []


</home/marszal/Projects/Num_Str_final/FTCS/plots/A4/Pe10/1_10_30_30_0.0002_0.tx
t.png, id=292, 433.62pt x 289.08pt>
File: /home/marszal/Projects/Num_Str_final/FTCS/plots/A4/Pe10/1_10_30_30_0.0002
_0.txt.png Graphic file (type png)

<use /home/marszal/Projects/Num_Str_final/FTCS/plots/A4/Pe10/1_10_30_30_0.0002_
0.txt.png>
Package pdftex.def Info: /home/marszal/Projects/Num_Str_final/FTCS/plots/A4/Pe1
0/1_10_30_30_0.0002_0.txt.png used on input line 456.
(pdftex.def)             Requested size: 215.27693pt x 143.52069pt.

Overfull \hbox (28.0786pt too wide) in paragraph at lines 456--457
[][] 
 []


LaTeX Warning: Float too large for page by 67.58275pt on input line 459.

[14 </home/marszal/Projects/Num_Str_final/FTCS/plots/SSE_at_end.pdf>] [15 </hom
e/marszal/Projects/Num_Str_final/FTCS/plots/A4/Pe2/0.005_2_30_30_0.0002_0.txt.p
ng> </home/marszal/Projects/Num_Str_final/FTCS/plots/A4/Pe10/0.005_10_30_30_0.0
002_0.txt.png> </home/marszal/Projects/Num_Str_final/FTCS/plots/A4/Pe2/0.05_2_3
0_30_0.0002_0.txt.png> </home/marszal/Projects/Num_Str_final/FTCS/plots/A4/Pe10
/0.05_10_30_30_0.0002_0.txt.png> </home/marszal/Projects/Num_Str_final/FTCS/plo
ts/A4/Pe2/0.5_2_30_30_0.0002_0.txt.png> </home/marszal/Projects/Num_Str_final/F
TCS/plots/A4/Pe10/0.5_10_30_30_0.0002_0.txt.png> </home/marszal/Projects/Num_St
r_final/FTCS/plots/A4/Pe2/1_2_30_30_0.0002_0.txt.png> </home/marszal/Projects/N
um_Str_final/FTCS/plots/A4/Pe10/1_10_30_30_0.0002_0.txt.png>]
</home/marszal/Projects/Num_Str_final/FTCS/plots/A5/theoretical.pdf, id=348, 43
3.62pt x 289.08pt>
File: /home/marszal/Projects/Num_Str_final/FTCS/plots/A5/theoretical.pdf Graphi
c file (type pdf)

<use /home/marszal/Projects/Num_Str_final/FTCS/plots/A5/theoretical.pdf>
Package pdftex.def Info: /home/marszal/Projects/Num_Str_final/FTCS/plots/A5/the
oretical.pdf used on input line 479.
(pdftex.def)             Requested size: 272.99881pt x 182.00667pt.

Underfull \hbox (badness 4954) in paragraph at lines 480--480
[]\OT1/cmr/m/n/12 Abbildung 9: |Theo-re-tisch er-war-te-te Gren-zen f[]ur die S
ta-bi-lit[]at in
 []

[16]
</home/marszal/Projects/Num_Str_final/FTCS/plots/A5/Divergence_Pe0.1.pdf, id=35
2, 433.62pt x 289.08pt>
File: /home/marszal/Projects/Num_Str_final/FTCS/plots/A5/Divergence_Pe0.1.pdf G
raphic file (type pdf)

<use /home/marszal/Projects/Num_Str_final/FTCS/plots/A5/Divergence_Pe0.1.pdf>
Package pdftex.def Info: /home/marszal/Projects/Num_Str_final/FTCS/plots/A5/Div
ergence_Pe0.1.pdf used on input line 498.
(pdftex.def)             Requested size: 195.0pt x 130.00098pt.

</home/marszal/Projects/Num_Str_final/FTCS/plots/A5/Divergence_Pe1.0.pdf, id=35
3, 433.62pt x 289.08pt>
File: /home/marszal/Projects/Num_Str_final/FTCS/plots/A5/Divergence_Pe1.0.pdf G
raphic file (type pdf)

<use /home/marszal/Projects/Num_Str_final/FTCS/plots/A5/Divergence_Pe1.0.pdf>
Package pdftex.def Info: /home/marszal/Projects/Num_Str_final/FTCS/plots/A5/Div
ergence_Pe1.0.pdf used on input line 503.
(pdftex.def)             Requested size: 195.0pt x 130.00098pt.

</home/marszal/Projects/Num_Str_final/FTCS/plots/A5/Divergence_Pe10.0.pdf, id=3
54, 433.62pt x 289.08pt>
File: /home/marszal/Projects/Num_Str_final/FTCS/plots/A5/Divergence_Pe10.0.pdf 
Graphic file (type pdf)

<use /home/marszal/Projects/Num_Str_final/FTCS/plots/A5/Divergence_Pe10.0.pdf>
Package pdftex.def Info: /home/marszal/Projects/Num_Str_final/FTCS/plots/A5/Div
ergence_Pe10.0.pdf used on input line 508.
(pdftex.def)             Requested size: 195.0pt x 130.00098pt.

</home/marszal/Projects/Num_Str_final/FTCS/plots/A5/Divergence_Pe20.0.pdf, id=3
55, 433.62pt x 289.08pt>
File: /home/marszal/Projects/Num_Str_final/FTCS/plots/A5/Divergence_Pe20.0.pdf 
Graphic file (type pdf)

<use /home/marszal/Projects/Num_Str_final/FTCS/plots/A5/Divergence_Pe20.0.pdf>
Package pdftex.def Info: /home/marszal/Projects/Num_Str_final/FTCS/plots/A5/Div
ergence_Pe20.0.pdf used on input line 513.
(pdftex.def)             Requested size: 195.0pt x 130.00098pt.

</home/marszal/Projects/Num_Str_final/FTCS/plots/A5/Divergence_Pe100.0.pdf, id=
356, 433.62pt x 289.08pt>
File: /home/marszal/Projects/Num_Str_final/FTCS/plots/A5/Divergence_Pe100.0.pdf
 Graphic file (type pdf)

<use /home/marszal/Projects/Num_Str_final/FTCS/plots/A5/Divergence_Pe100.0.pdf>
Package pdftex.def Info: /home/marszal/Projects/Num_Str_final/FTCS/plots/A5/Div
ergence_Pe100.0.pdf used on input line 518.
(pdftex.def)             Requested size: 195.0pt x 130.00098pt.
[17 </home/marszal/Projects/Num_Str_final/FTCS/plots/A5/theoretical.pdf>]
[18 </home/marszal/Projects/Num_Str_final/FTCS/plots/A5/Divergence_Pe0.1.pdf> <
/home/marszal/Projects/Num_Str_final/FTCS/plots/A5/Divergence_Pe1.0.pdf

pdfTeX warning: pdflatex (file /home/marszal/Projects/Num_Str_final/FTCS/plots/
A5/Divergence_Pe1.0.pdf): PDF inclusion: multiple pdfs with page group included
 in a single page
> </home/marszal/Projects/Num_Str_final/FTCS/plots/A5/Divergence_Pe10.0.pdf

pdfTeX warning: pdflatex (file /home/marszal/Projects/Num_Str_final/FTCS/plots/
A5/Divergence_Pe10.0.pdf): PDF inclusion: multiple pdfs with page group include
d in a single page
> </home/marszal/Projects/Num_Str_final/FTCS/plots/A5/Divergence_Pe20.0.pdf

pdfTeX warning: pdflatex (file /home/marszal/Projects/Num_Str_final/FTCS/plots/
A5/Divergence_Pe20.0.pdf): PDF inclusion: multiple pdfs with page group include
d in a single page
> </home/marszal/Projects/Num_Str_final/FTCS/plots/A5/Divergence_Pe100.0.pdf

pdfTeX warning: pdflatex (file /home/marszal/Projects/Num_Str_final/FTCS/plots/
A5/Divergence_Pe100.0.pdf): PDF inclusion: multiple pdfs with page group includ
ed in a single page
>]
</home/marszal/Projects/Num_Str_final/BTCS/plots/omegascan_dt100.pdf, id=605, 4
33.62pt x 289.08pt>
File: /home/marszal/Projects/Num_Str_final/BTCS/plots/omegascan_dt100.pdf Graph
ic file (type pdf)

<use /home/marszal/Projects/Num_Str_final/BTCS/plots/omegascan_dt100.pdf>
Package pdftex.def Info: /home/marszal/Projects/Num_Str_final/BTCS/plots/omegas
can_dt100.pdf used on input line 539.
(pdftex.def)             Requested size: 175.49881pt x 117.00177pt.

</home/marszal/Projects/Num_Str_final/BTCS/plots/omegascan_dt0.0002.pdf, id=606
, 433.62pt x 289.08pt>
File: /home/marszal/Projects/Num_Str_final/BTCS/plots/omegascan_dt0.0002.pdf Gr
aphic file (type pdf)

<use /home/marszal/Projects/Num_Str_final/BTCS/plots/omegascan_dt0.0002.pdf>
Package pdftex.def Info: /home/marszal/Projects/Num_Str_final/BTCS/plots/omegas
can_dt0.0002.pdf used on input line 543.
(pdftex.def)             Requested size: 175.49881pt x 117.00177pt.

</home/marszal/Projects/Num_Str_final/BTCS/plots/0.0054_10_30_30_0.0002_0.txt.p
ng, id=607, 433.62pt x 289.08pt>
File: /home/marszal/Projects/Num_Str_final/BTCS/plots/0.0054_10_30_30_0.0002_0.
txt.png Graphic file (type png)

<use /home/marszal/Projects/Num_Str_final/BTCS/plots/0.0054_10_30_30_0.0002_0.t
xt.png>
Package pdftex.def Info: /home/marszal/Projects/Num_Str_final/BTCS/plots/0.0054
_10_30_30_0.0002_0.txt.png used on input line 556.
(pdftex.def)             Requested size: 195.0pt x 130.00098pt.

</home/marszal/Projects/Num_Str_final/FTCS/plots/compare/0.0054_10_30_30_0.0002
_0.txt.png, id=608, 433.62pt x 289.08pt>
File: /home/marszal/Projects/Num_Str_final/FTCS/plots/compare/0.0054_10_30_30_0
.0002_0.txt.png Graphic file (type png)

<use /home/marszal/Projects/Num_Str_final/FTCS/plots/compare/0.0054_10_30_30_0.
0002_0.txt.png>
Package pdftex.def Info: /home/marszal/Projects/Num_Str_final/FTCS/plots/compar
e/0.0054_10_30_30_0.0002_0.txt.png used on input line 560.
(pdftex.def)             Requested size: 195.0pt x 130.00098pt.

</home/marszal/Projects/Num_Str_final/BTCS/plots/0.0508_10_30_30_0.0002_0.txt.p
ng, id=609, 433.62pt x 289.08pt>
File: /home/marszal/Projects/Num_Str_final/BTCS/plots/0.0508_10_30_30_0.0002_0.
txt.png Graphic file (type png)

<use /home/marszal/Projects/Num_Str_final/BTCS/plots/0.0508_10_30_30_0.0002_0.t
xt.png>
Package pdftex.def Info: /home/marszal/Projects/Num_Str_final/BTCS/plots/0.0508
_10_30_30_0.0002_0.txt.png used on input line 564.
(pdftex.def)             Requested size: 195.0pt x 130.00098pt.

</home/marszal/Projects/Num_Str_final/FTCS/plots/compare/0.0508_10_30_30_0.0002
_0.txt.png, id=610, 433.62pt x 289.08pt>
File: /home/marszal/Projects/Num_Str_final/FTCS/plots/compare/0.0508_10_30_30_0
.0002_0.txt.png Graphic file (type png)

<use /home/marszal/Projects/Num_Str_final/FTCS/plots/compare/0.0508_10_30_30_0.
0002_0.txt.png>
Package pdftex.def Info: /home/marszal/Projects/Num_Str_final/FTCS/plots/compar
e/0.0508_10_30_30_0.0002_0.txt.png used on input line 568.
(pdftex.def)             Requested size: 195.0pt x 130.00098pt.

</home/marszal/Projects/Num_Str_final/BTCS/plots/0.5002_10_30_30_0.0002_0.txt.p
ng, id=611, 433.62pt x 289.08pt>
File: /home/marszal/Projects/Num_Str_final/BTCS/plots/0.5002_10_30_30_0.0002_0.
txt.png Graphic file (type png)

<use /home/marszal/Projects/Num_Str_final/BTCS/plots/0.5002_10_30_30_0.0002_0.t
xt.png>
Package pdftex.def Info: /home/marszal/Projects/Num_Str_final/BTCS/plots/0.5002
_10_30_30_0.0002_0.txt.png used on input line 572.
(pdftex.def)             Requested size: 195.0pt x 130.00098pt.

</home/marszal/Projects/Num_Str_final/FTCS/plots/compare/0.5002_10_30_30_0.0002
_0.txt.png, id=612, 433.62pt x 289.08pt>
File: /home/marszal/Projects/Num_Str_final/FTCS/plots/compare/0.5002_10_30_30_0
.0002_0.txt.png Graphic file (type png)

<use /home/marszal/Projects/Num_Str_final/FTCS/plots/compare/0.5002_10_30_30_0.
0002_0.txt.png>
Package pdftex.def Info: /home/marszal/Projects/Num_Str_final/FTCS/plots/compar
e/0.5002_10_30_30_0.0002_0.txt.png used on input line 576.
(pdftex.def)             Requested size: 195.0pt x 130.00098pt.
 [19 </home/marszal/Projects/Num_Str_final/BTCS/plots/omegascan_dt100.pdf> </ho
me/marszal/Projects/Num_Str_final/BTCS/plots/omegascan_dt0.0002.pdf

pdfTeX warning: pdflatex (file /home/marszal/Projects/Num_Str_final/BTCS/plots/
omegascan_dt0.0002.pdf): PDF inclusion: multiple pdfs with page group included 
in a single page
>]
</home/marszal/Projects/Num_Str_final/BTCS/plots/compare/FTCS100_10_30_30_0.000
2777_0.txt.pdf, id=757, 433.62pt x 289.08pt>
File: /home/marszal/Projects/Num_Str_final/BTCS/plots/compare/FTCS100_10_30_30_
0.0002777_0.txt.pdf Graphic file (type pdf)

<use /home/marszal/Projects/Num_Str_final/BTCS/plots/compare/FTCS100_10_30_30_0
.0002777_0.txt.pdf>
Package pdftex.def Info: /home/marszal/Projects/Num_Str_final/BTCS/plots/compar
e/FTCS100_10_30_30_0.0002777_0.txt.pdf used on input line 595.
(pdftex.def)             Requested size: 195.0pt x 130.00098pt.

</home/marszal/Projects/Num_Str_final/BTCS/plots/compare/BTCS100_10_30_30_100_0
.txt.pdf, id=758, 433.62pt x 289.08pt>
File: /home/marszal/Projects/Num_Str_final/BTCS/plots/compare/BTCS100_10_30_30_
100_0.txt.pdf Graphic file (type pdf)

<use /home/marszal/Projects/Num_Str_final/BTCS/plots/compare/BTCS100_10_30_30_1
00_0.txt.pdf>
Package pdftex.def Info: /home/marszal/Projects/Num_Str_final/BTCS/plots/compar
e/BTCS100_10_30_30_100_0.txt.pdf used on input line 599.
(pdftex.def)             Requested size: 195.0pt x 130.00098pt.
 [20] [21 </home/marszal/Projects/Num_Str_final/BTCS/plots/0.0054_10_30_30_0.00
02_0.txt.png> </home/marszal/Projects/Num_Str_final/FTCS/plots/compare/0.0054_1
0_30_30_0.0002_0.txt.png> </home/marszal/Projects/Num_Str_final/BTCS/plots/0.05
08_10_30_30_0.0002_0.txt.png> </home/marszal/Projects/Num_Str_final/FTCS/plots/
compare/0.0508_10_30_30_0.0002_0.txt.png> </home/marszal/Projects/Num_Str_final
/BTCS/plots/0.5002_10_30_30_0.0002_0.txt.png> </home/marszal/Projects/Num_Str_f
inal/FTCS/plots/compare/0.5002_10_30_30_0.0002_0.txt.png>]
[22 </home/marszal/Projects/Num_Str_final/BTCS/plots/compare/FTCS100_10_30_30_0
.0002777_0.txt.pdf> </home/marszal/Projects/Num_Str_final/BTCS/plots/compare/BT
CS100_10_30_30_100_0.txt.pdf

pdfTeX warning: pdflatex (file /home/marszal/Projects/Num_Str_final/BTCS/plots/
compare/BTCS100_10_30_30_100_0.txt.pdf): PDF inclusion: multiple pdfs with page
 group included in a single page
>] (./report.bbl
! Misplaced alignment tab character &.
l.6 \newblock Computer Science &
                                 Applied Mathematics. Elsevier Inc, Academic...

? 
(/usr/share/texlive/texmf-dist/tex/latex/ucs/data/uni-1.def
File: uni-1.def 2013/05/13 UCS: Unicode data U+0100..U+01FF
)) [23]
(./report.aux
Package cleveref Info: loaded `ngerman' language definitions on input line 3.
) ) 
Here is how much of TeX's memory you used:
 15843 strings out of 494976
 295549 string characters out of 6179137
 360174 words of memory out of 5000000
 18764 multiletter control sequences out of 15000+600000
 14830 words of font info for 52 fonts, out of 8000000 for 9000
 14 hyphenation exceptions out of 8191
 63i,17n,94p,621b,599s stack positions out of 5000i,500n,10000p,200000b,80000s
</usr/share/texlive/texmf-dist/fonts/type1/public/amsfonts/cm/cmbx10.pfb></u
sr/share/texlive/texmf-dist/fonts/type1/public/amsfonts/cm/cmbx12.pfb></usr/sha
re/texlive/texmf-dist/fonts/type1/public/amsfonts/cm/cmcsc10.pfb></usr/share/te
xlive/texmf-dist/fonts/type1/public/amsfonts/cm/cmex10.pfb></usr/share/texlive/
texmf-dist/fonts/type1/public/amsfonts/cm/cmmi10.pfb></usr/share/texlive/texmf-
dist/fonts/type1/public/amsfonts/cm/cmmi12.pfb></usr/share/texlive/texmf-dist/f
onts/type1/public/amsfonts/cm/cmmi5.pfb></usr/share/texlive/texmf-dist/fonts/ty
pe1/public/amsfonts/cm/cmmi6.pfb></usr/share/texlive/texmf-dist/fonts/type1/pub
lic/amsfonts/cm/cmmi7.pfb></usr/share/texlive/texmf-dist/fonts/type1/public/ams
fonts/cm/cmmi8.pfb></usr/share/texlive/texmf-dist/fonts/type1/public/amsfonts/c
m/cmmib10.pfb></usr/share/texlive/texmf-dist/fonts/type1/public/amsfonts/cmextr
a/cmmib8.pfb></usr/share/texlive/texmf-dist/fonts/type1/public/amsfonts/cm/cmr1
0.pfb></usr/share/texlive/texmf-dist/fonts/type1/public/amsfonts/cm/cmr12.pfb><
/usr/share/texlive/texmf-dist/fonts/type1/public/amsfonts/cm/cmr5.pfb></usr/sha
re/texlive/texmf-dist/fonts/type1/public/amsfonts/cm/cmr6.pfb></usr/share/texli
ve/texmf-dist/fonts/type1/public/amsfonts/cm/cmr7.pfb></usr/share/texlive/texmf
-dist/fonts/type1/public/amsfonts/cm/cmr8.pfb></usr/share/texlive/texmf-dist/fo
nts/type1/public/amsfonts/cm/cmsy10.pfb></usr/share/texlive/texmf-dist/fonts/ty
pe1/public/amsfonts/cm/cmsy7.pfb></usr/share/texlive/texmf-dist/fonts/type1/pub
lic/amsfonts/cm/cmsy8.pfb></usr/share/texlive/texmf-dist/fonts/type1/public/ams
fonts/cm/cmti12.pfb>
Output written on report.pdf (24 pages, 2036263 bytes).
PDF statistics:
 908 PDF objects out of 1000 (max. 8388607)
 332 compressed objects within 4 object streams
 0 named destinations out of 1000 (max. 500000)
 208 words of extra memory for PDF output out of 10000 (max. 10000000)

